This is LuaHBTeX, Version 1.21.0 (TeX Live 2025/nixos.org)  (format=lualatex 1980.1.1)  11 MAR 2026 15:54
 restricted system commands enabled.
 file:line:error style messages enabled.
**/home/eapiova/Projects/nuclear/overleaf/MAIN.tex
(/home/eapiova/Projects/nuclear/overleaf/MAIN.tex
LaTeX2e <2025-06-01> patch level 1
L3 programming layer <2025-06-09>
Lua module: luaotfload 2024-12-03 v3.29 Lua based OpenType font support
Lua module: lualibs 2023-07-13 v2.76 ConTeXt Lua standard libraries.
Lua module: lualibs-extended 2023-07-13 v2.76 ConTeXt Lua libraries -- extended collection.
luaotfload | conf : Root cache directory is "/home/eapiova/.texlive2025/texmf-var/luatex-cache/generic/names".
luaotfload | init : Loading fontloader "fontloader-2023-12-28.lua" from kpse-resolved path "/nix/store/j9qnsdvcbhpjd47npqvzvdbdhywzfkms-texlive-combined-full-2025.20250703-texmfdist/tex/luatex/luaotfload/fontloader-2023-12-28.lua".
Lua-only attribute luaotfload@noligature = 1
luaotfload | init : Context OpenType loader version 3.134
Inserting `luaotfload.node_processor' in `pre_linebreak_filter'.
Inserting `luaotfload.node_processor' in `hpack_filter'.
Inserting `luaotfload.glyph_stream' in `glyph_stream_provider'.
Inserting `luaotfload.define_font' in `define_font'.
Lua-only attribute luaotfload_color_attribute = 2
luaotfload | conf : Root cache directory is "/home/eapiova/.texlive2025/texmf-var/luatex-cache/generic/names".
Inserting `luaotfload.harf.strip_prefix' in `find_opentype_file'.
Inserting `luaotfload.harf.strip_prefix' in `find_truetype_file'.
Removing  `luaotfload.glyph_stream' from `glyph_stream_provider'.
Inserting `luaotfload.harf.glyphstream' in `glyph_stream_provider'.
Inserting `luaotfload.harf.finalize_vlist' in `post_linebreak_filter'.
Inserting `luaotfload.harf.finalize_hlist' in `hpack_filter'.
Inserting `luaotfload.cleanup_files' in `wrapup_run'.
Inserting `luaotfload.harf.finalize_unicode' in `finish_pdffile'.
Inserting `luaotfload.glyphinfo' in `glyph_info'.
Lua-only attribute luaotfload.letterspace_done = 3
Inserting `luaotfload.aux.set_sscale_dimens' in `luaotfload.patch_font'.
Inserting `luaotfload.aux.set_font_index' in `luaotfload.patch_font'.
Inserting `luaotfload.aux.patch_cambria_domh' in `luaotfload.patch_font'.
Inserting `luaotfload.aux.fixup_fontdata' in `luaotfload.patch_font_unsafe'.
Inserting `luaotfload.aux.set_capheight' in `luaotfload.patch_font'.
Inserting `luaotfload.aux.set_xheight' in `luaotfload.patch_font'.
Inserting `luaotfload.rewrite_fontname' in `luaotfload.patch_font'.
Inserting `tracingstacklevels' in `input_level_string'. (./llncs.cls
Document Class: llncs 2024/01/29 v2.24 
 LaTeX document class for Lecture Notes in Computer Science
(/nix/store/j9qnsdvcbhpjd47npqvzvdbdhywzfkms-texlive-combined-full-2025.20250703-texmfdist/tex/latex/base/article.cls
Document Class: article 2025/01/22 v1.4n Standard LaTeX document class
(/nix/store/j9qnsdvcbhpjd47npqvzvdbdhywzfkms-texlive-combined-full-2025.20250703-texmfdist/tex/latex/base/size10.clo
File: size10.clo 2025/01/22 v1.4n Standard LaTeX file (size option)
luaotfload | db : Font names database loaded from /home/eapiova/.texlive2025/texmf-var/luatex-cache/generic/names/luaotfload-names.luc.gz)
\c@part=\count273
\c@section=\count274
\c@subsection=\count275
\c@subsubsection=\count276
\c@paragraph=\count277
\c@subparagraph=\count278
\c@figure=\count279
\c@table=\count280
\abovecaptionskip=\skip49
\belowcaptionskip=\skip50
\bibindent=\dimen147
) (/nix/store/j9qnsdvcbhpjd47npqvzvdbdhywzfkms-texlive-combined-full-2025.20250703-texmfdist/tex/latex/tools/multicol.sty
Package: multicol 2025/05/25 v2.0a multicolumn formatting (FMi)
\c@tracingmulticols=\count281
\mult@box=\box53
\multicol@leftmargin=\dimen148
\c@unbalance=\count282
\c@collectmore=\count283
\doublecol@number=\count284
\multicoltolerance=\count285
\multicolpretolerance=\count286
\full@width=\dimen149
\page@free=\dimen150
\premulticols=\dimen151
\postmulticols=\dimen152
\multicolsep=\skip51
\multicolbaselineskip=\skip52
\partial@page=\box54
\last@line=\box55
\mc@boxedresult=\box56
\maxbalancingoverflow=\dimen153
\mult@rightbox=\box57
\mult@grightbox=\box58
\mult@firstbox=\box59
\mult@gfirstbox=\box60
\@tempa=\box61
\@tempa=\box62
\@tempa=\box63
\@tempa=\box64
\@tempa=\box65
\@tempa=\box66
\@tempa=\box67
\@tempa=\box68
\@tempa=\box69
\@tempa=\box70
\@tempa=\box71
\@tempa=\box72
\@tempa=\box73
\@tempa=\box74
\@tempa=\box75
\@tempa=\box76
\@tempa=\box77
\@tempa=\box78
\@tempa=\box79
\@tempa=\box80
\@tempa=\box81
\@tempa=\box82
\@tempa=\box83
\@tempa=\box84
\@tempa=\box85
\@tempa=\box86
\@tempa=\box87
\@tempa=\box88
\@tempa=\box89
\@tempa=\box90
\@tempa=\box91
\@tempa=\box92
\@tempa=\box93
\@tempa=\box94
\@tempa=\box95
\@tempa=\box96
\c@minrows=\count287
\c@columnbadness=\count288
\c@finalcolumnbadness=\count289
\last@try=\dimen154
\multicolovershoot=\dimen155
\multicolundershoot=\dimen156
\mult@nat@firstbox=\box97
\colbreak@box=\box98
\mc@col@check@num=\count290
\g__mc_curr_col_int=\count291
) (/nix/store/j9qnsdvcbhpjd47npqvzvdbdhywzfkms-texlive-combined-full-2025.20250703-texmfdist/tex/latex/oberdiek/aliascnt.sty
Package: aliascnt 2018/09/07 v1.5 Alias counters (HO)
)
\c@chapter=\count292
LaTeX Font Info:    Redeclaring math symbol \Gamma on input line 379.
LaTeX Font Info:    Redeclaring math symbol \Delta on input line 380.
LaTeX Font Info:    Redeclaring math symbol \Theta on input line 381.
LaTeX Font Info:    Redeclaring math symbol \Lambda on input line 382.
LaTeX Font Info:    Redeclaring math symbol \Xi on input line 383.
LaTeX Font Info:    Redeclaring math symbol \Pi on input line 384.
LaTeX Font Info:    Redeclaring math symbol \Sigma on input line 385.
LaTeX Font Info:    Redeclaring math symbol \Upsilon on input line 386.
LaTeX Font Info:    Redeclaring math symbol \Phi on input line 387.
LaTeX Font Info:    Redeclaring math symbol \Psi on input line 388.
LaTeX Font Info:    Redeclaring math symbol \Omega on input line 389.
LaTeX Info: Redefining \vec on input line 394.
\tocchpnum=\dimen157
\tocsecnum=\dimen158
\tocsectotal=\dimen159
\tocsubsecnum=\dimen160
\tocsubsectotal=\dimen161
\tocsubsubsecnum=\dimen162
\tocsubsubsectotal=\dimen163
\tocparanum=\dimen164
\tocparatotal=\dimen165
\tocsubparanum=\dimen166
\@tempcntc=\count293
\fnindent=\dimen167
\c@@inst=\count294
\c@@auth=\count295
\c@auco=\count296
\instindent=\dimen168
\authrun=\box99
\authorrunning=\toks17
\tocauthor=\toks18
\titrun=\box100
\titlerunning=\toks19
\toctitle=\toks20
\c@theorem=\count297
\c@case=\count298
\c@conjecture=\count299
\c@corollary=\count300
\c@definition=\count301
\c@example=\count302
\c@exercise=\count303
\c@lemma=\count304
\c@note=\count305
\c@problem=\count306
\c@property=\count307
\c@proposition=\count308
\c@question=\count309
\c@solution=\count310
\c@remark=\count311
\headlineindent=\dimen169
) (/nix/store/j9qnsdvcbhpjd47npqvzvdbdhywzfkms-texlive-combined-full-2025.20250703-texmfdist/tex/latex/base/fontenc.sty
Package: fontenc 2024/12/21 v2.1c Standard LaTeX package
LaTeX Font Info:    Trying to load font information for T1+lmr on input line 116.
 (/nix/store/j9qnsdvcbhpjd47npqvzvdbdhywzfkms-texlive-combined-full-2025.20250703-texmfdist/tex/latex/lm/t1lmr.fd
File: t1lmr.fd 2015/05/01 v1.6.1 Font defs for Latin Modern
)) (/nix/store/j9qnsdvcbhpjd47npqvzvdbdhywzfkms-texlive-combined-full-2025.20250703-texmfdist/tex/latex/graphics/graphicx.sty
Package: graphicx 2024/12/31 v1.2e Enhanced LaTeX Graphics (DPC,SPQR)
 (/nix/store/j9qnsdvcbhpjd47npqvzvdbdhywzfkms-texlive-combined-full-2025.20250703-texmfdist/tex/latex/graphics/keyval.sty
Package: keyval 2022/05/29 v1.15 key=value parser (DPC)
\KV@toks@=\toks21
) (/nix/store/j9qnsdvcbhpjd47npqvzvdbdhywzfkms-texlive-combined-full-2025.20250703-texmfdist/tex/latex/graphics/graphics.sty
Package: graphics 2024/08/06 v1.4g Standard LaTeX Graphics (DPC,SPQR)
 (/nix/store/j9qnsdvcbhpjd47npqvzvdbdhywzfkms-texlive-combined-full-2025.20250703-texmfdist/tex/latex/graphics/trig.sty
Package: trig 2023/12/02 v1.11 sin cos tan (DPC)
) (/nix/store/j9qnsdvcbhpjd47npqvzvdbdhywzfkms-texlive-combined-full-2025.20250703-texmfdist/tex/latex/graphics-cfg/graphics.cfg
File: graphics.cfg 2016/06/04 v1.11 sample graphics configuration
)
Package graphics Info: Driver file: luatex.def on input line 106.
 (/nix/store/j9qnsdvcbhpjd47npqvzvdbdhywzfkms-texlive-combined-full-2025.20250703-texmfdist/tex/latex/graphics-def/luatex.def
File: luatex.def 2024/04/13 v1.2e Graphics/color driver for luatex
))
\Gin@req@height=\dimen170
\Gin@req@width=\dimen171
) (/nix/store/j9qnsdvcbhpjd47npqvzvdbdhywzfkms-texlive-combined-full-2025.20250703-texmfdist/tex/latex/prftree/prftree.sty
Package: prftree 2019/06/19 Natural Deduction Proofs
\prflinepadbefore=\dimen172
\prflinepadafter=\dimen173
\prflineextra=\dimen174
\prflinethickness=\dimen175
\prfemptylinethickness=\dimen176
\prfrulenameskip=\dimen177
\prflabelskip=\dimen178
\prfinterspace=\dimen179
\prfdoublelineinterspace=\dimen180
\prfboundedstyle=\count312
\prfsummarystyle=\count313
\prf@@fancysummarybox=\box101
\prf@@fancysymmarylen=\dimen181
\prf@Lassum=\skip53
\prf@Rassum=\skip54
\prf@assumptionsbox=\box102
\prf@conclusionbox=\box103
\prf@rulenamebox=\box104
\prf@labelbox=\box105
\prf@linebox=\box106
\prf@summarybox=\box107
\prf@fancybox=\box108
\c@prfassumptioncounter=\count314
\c@prfsummarycounter=\count315
\prf@summary@label=\box109
\prf@@@@proofbox=\box110
) (/nix/store/j9qnsdvcbhpjd47npqvzvdbdhywzfkms-texlive-combined-full-2025.20250703-texmfdist/tex/latex/tikz-cd/tikz-cd.sty
Package: tikz-cd 2021/05/04 v1.0 Commutative diagrams with TikZ
 (/nix/store/j9qnsdvcbhpjd47npqvzvdbdhywzfkms-texlive-combined-full-2025.20250703-texmfdist/tex/latex/pgf/frontendlayer/tikz.sty (/nix/store/j9qnsdvcbhpjd47npqvzvdbdhywzfkms-texlive-combined-full-2025.20250703-texmfdist/tex/latex/pgf/basiclayer/pgf.sty (/nix/store/j9qnsdvcbhpjd47npqvzvdbdhywzfkms-texlive-combined-full-2025.20250703-texmfdist/tex/latex/pgf/utilities/pgfrcs.sty (/nix/store/j9qnsdvcbhpjd47npqvzvdbdhywzfkms-texlive-combined-full-2025.20250703-texmfdist/tex/generic/pgf/utilities/pgfutil-common.tex
\pgfutil@everybye=\toks22
\pgfutil@tempdima=\dimen182
\pgfutil@tempdimb=\dimen183
) (/nix/store/j9qnsdvcbhpjd47npqvzvdbdhywzfkms-texlive-combined-full-2025.20250703-texmfdist/tex/generic/pgf/utilities/pgfutil-latex.def
\pgfutil@abb=\box111
) (/nix/store/j9qnsdvcbhpjd47npqvzvdbdhywzfkms-texlive-combined-full-2025.20250703-texmfdist/tex/generic/pgf/utilities/pgfrcs.code.tex (/nix/store/j9qnsdvcbhpjd47npqvzvdbdhywzfkms-texlive-combined-full-2025.20250703-texmfdist/tex/generic/pgf/pgf.revision.tex)
Package: pgfrcs 2023-01-15 v3.1.10 (3.1.10)
))
Package: pgf 2023-01-15 v3.1.10 (3.1.10)
 (/nix/store/j9qnsdvcbhpjd47npqvzvdbdhywzfkms-texlive-combined-full-2025.20250703-texmfdist/tex/latex/pgf/basiclayer/pgfcore.sty (/nix/store/j9qnsdvcbhpjd47npqvzvdbdhywzfkms-texlive-combined-full-2025.20250703-texmfdist/tex/latex/pgf/systemlayer/pgfsys.sty (/nix/store/j9qnsdvcbhpjd47npqvzvdbdhywzfkms-texlive-combined-full-2025.20250703-texmfdist/tex/generic/pgf/systemlayer/pgfsys.code.tex
Package: pgfsys 2023-01-15 v3.1.10 (3.1.10)
 (/nix/store/j9qnsdvcbhpjd47npqvzvdbdhywzfkms-texlive-combined-full-2025.20250703-texmfdist/tex/generic/pgf/utilities/pgfkeys.code.tex
\pgfkeys@pathtoks=\toks23
\pgfkeys@temptoks=\toks24
 (/nix/store/j9qnsdvcbhpjd47npqvzvdbdhywzfkms-texlive-combined-full-2025.20250703-texmfdist/tex/generic/pgf/utilities/pgfkeyslibraryfiltered.code.tex
\pgfkeys@tmptoks=\toks25
))
\pgf@x=\dimen184
\pgf@y=\dimen185
\pgf@xa=\dimen186
\pgf@ya=\dimen187
\pgf@xb=\dimen188
\pgf@yb=\dimen189
\pgf@xc=\dimen190
\pgf@yc=\dimen191
\pgf@xd=\dimen192
\pgf@yd=\dimen193
\w@pgf@writea=\write3
\r@pgf@reada=\read2
\c@pgf@counta=\count316
\c@pgf@countb=\count317
\c@pgf@countc=\count318
\c@pgf@countd=\count319
\t@pgf@toka=\toks26
\t@pgf@tokb=\toks27
\t@pgf@tokc=\toks28
\pgf@sys@id@count=\count320
 (/nix/store/j9qnsdvcbhpjd47npqvzvdbdhywzfkms-texlive-combined-full-2025.20250703-texmfdist/tex/generic/pgf/systemlayer/pgf.cfg
File: pgf.cfg 2023-01-15 v3.1.10 (3.1.10)
)
Driver file for pgf: pgfsys-luatex.def
 (/nix/store/j9qnsdvcbhpjd47npqvzvdbdhywzfkms-texlive-combined-full-2025.20250703-texmfdist/tex/generic/pgf/systemlayer/pgfsys-luatex.def
File: pgfsys-luatex.def 2023-01-15 v3.1.10 (3.1.10)
 (/nix/store/j9qnsdvcbhpjd47npqvzvdbdhywzfkms-texlive-combined-full-2025.20250703-texmfdist/tex/generic/pgf/systemlayer/pgfsys-common-pdf.def
File: pgfsys-common-pdf.def 2023-01-15 v3.1.10 (3.1.10)
))) (/nix/store/j9qnsdvcbhpjd47npqvzvdbdhywzfkms-texlive-combined-full-2025.20250703-texmfdist/tex/generic/pgf/systemlayer/pgfsyssoftpath.code.tex
File: pgfsyssoftpath.code.tex 2023-01-15 v3.1.10 (3.1.10)
\pgfsyssoftpath@smallbuffer@items=\count321
\pgfsyssoftpath@bigbuffer@items=\count322
) (/nix/store/j9qnsdvcbhpjd47npqvzvdbdhywzfkms-texlive-combined-full-2025.20250703-texmfdist/tex/generic/pgf/systemlayer/pgfsysprotocol.code.tex
File: pgfsysprotocol.code.tex 2023-01-15 v3.1.10 (3.1.10)
)) (/nix/store/j9qnsdvcbhpjd47npqvzvdbdhywzfkms-texlive-combined-full-2025.20250703-texmfdist/tex/latex/xcolor/xcolor.sty
Package: xcolor 2024/09/29 v3.02 LaTeX color extensions (UK)
 (/nix/store/j9qnsdvcbhpjd47npqvzvdbdhywzfkms-texlive-combined-full-2025.20250703-texmfdist/tex/latex/graphics-cfg/color.cfg
File: color.cfg 2016/01/02 v1.6 sample color configuration
)
Package xcolor Info: Driver file: luatex.def on input line 274.
 (/nix/store/j9qnsdvcbhpjd47npqvzvdbdhywzfkms-texlive-combined-full-2025.20250703-texmfdist/tex/latex/graphics/mathcolor.ltx)
Package xcolor Info: Model `cmy' substituted by `cmy0' on input line 1349.
Package xcolor Info: Model `hsb' substituted by `rgb' on input line 1353.
Package xcolor Info: Model `RGB' extended on input line 1365.
Package xcolor Info: Model `HTML' substituted by `rgb' on input line 1367.
Package xcolor Info: Model `Hsb' substituted by `hsb' on input line 1368.
Package xcolor Info: Model `tHsb' substituted by `hsb' on input line 1369.
Package xcolor Info: Model `HSB' substituted by `hsb' on input line 1370.
Package xcolor Info: Model `Gray' substituted by `gray' on input line 1371.
Package xcolor Info: Model `wave' substituted by `hsb' on input line 1372.
) (/nix/store/j9qnsdvcbhpjd47npqvzvdbdhywzfkms-texlive-combined-full-2025.20250703-texmfdist/tex/generic/pgf/basiclayer/pgfcore.code.tex
Package: pgfcore 2023-01-15 v3.1.10 (3.1.10)
 (/nix/store/j9qnsdvcbhpjd47npqvzvdbdhywzfkms-texlive-combined-full-2025.20250703-texmfdist/tex/generic/pgf/math/pgfmath.code.tex (/nix/store/j9qnsdvcbhpjd47npqvzvdbdhywzfkms-texlive-combined-full-2025.20250703-texmfdist/tex/generic/pgf/math/pgfmathutil.code.tex) (/nix/store/j9qnsdvcbhpjd47npqvzvdbdhywzfkms-texlive-combined-full-2025.20250703-texmfdist/tex/generic/pgf/math/pgfmathparser.code.tex
\pgfmath@dimen=\dimen194
\pgfmath@count=\count323
\pgfmath@box=\box112
\pgfmath@toks=\toks29
\pgfmath@stack@operand=\toks30
\pgfmath@stack@operation=\toks31
) (/nix/store/j9qnsdvcbhpjd47npqvzvdbdhywzfkms-texlive-combined-full-2025.20250703-texmfdist/tex/generic/pgf/math/pgfmathfunctions.code.tex) (/nix/store/j9qnsdvcbhpjd47npqvzvdbdhywzfkms-texlive-combined-full-2025.20250703-texmfdist/tex/generic/pgf/math/pgfmathfunctions.basic.code.tex) (/nix/store/j9qnsdvcbhpjd47npqvzvdbdhywzfkms-texlive-combined-full-2025.20250703-texmfdist/tex/generic/pgf/math/pgfmathfunctions.trigonometric.code.tex) (/nix/store/j9qnsdvcbhpjd47npqvzvdbdhywzfkms-texlive-combined-full-2025.20250703-texmfdist/tex/generic/pgf/math/pgfmathfunctions.random.code.tex) (/nix/store/j9qnsdvcbhpjd47npqvzvdbdhywzfkms-texlive-combined-full-2025.20250703-texmfdist/tex/generic/pgf/math/pgfmathfunctions.comparison.code.tex) (/nix/store/j9qnsdvcbhpjd47npqvzvdbdhywzfkms-texlive-combined-full-2025.20250703-texmfdist/tex/generic/pgf/math/pgfmathfunctions.base.code.tex) (/nix/store/j9qnsdvcbhpjd47npqvzvdbdhywzfkms-texlive-combined-full-2025.20250703-texmfdist/tex/generic/pgf/math/pgfmathfunctions.round.code.tex) (/nix/store/j9qnsdvcbhpjd47npqvzvdbdhywzfkms-texlive-combined-full-2025.20250703-texmfdist/tex/generic/pgf/math/pgfmathfunctions.misc.code.tex) (/nix/store/j9qnsdvcbhpjd47npqvzvdbdhywzfkms-texlive-combined-full-2025.20250703-texmfdist/tex/generic/pgf/math/pgfmathfunctions.integerarithmetics.code.tex) (/nix/store/j9qnsdvcbhpjd47npqvzvdbdhywzfkms-texlive-combined-full-2025.20250703-texmfdist/tex/generic/pgf/math/pgfmathcalc.code.tex) (/nix/store/j9qnsdvcbhpjd47npqvzvdbdhywzfkms-texlive-combined-full-2025.20250703-texmfdist/tex/generic/pgf/math/pgfmathfloat.code.tex
\c@pgfmathroundto@lastzeros=\count324
)) (/nix/store/j9qnsdvcbhpjd47npqvzvdbdhywzfkms-texlive-combined-full-2025.20250703-texmfdist/tex/generic/pgf/math/pgfint.code.tex) (/nix/store/j9qnsdvcbhpjd47npqvzvdbdhywzfkms-texlive-combined-full-2025.20250703-texmfdist/tex/generic/pgf/basiclayer/pgfcorepoints.code.tex
File: pgfcorepoints.code.tex 2023-01-15 v3.1.10 (3.1.10)
\pgf@picminx=\dimen195
\pgf@picmaxx=\dimen196
\pgf@picminy=\dimen197
\pgf@picmaxy=\dimen198
\pgf@pathminx=\dimen199
\pgf@pathmaxx=\dimen256
\pgf@pathminy=\dimen257
\pgf@pathmaxy=\dimen258
\pgf@xx=\dimen259
\pgf@xy=\dimen260
\pgf@yx=\dimen261
\pgf@yy=\dimen262
\pgf@zx=\dimen263
\pgf@zy=\dimen264
) (/nix/store/j9qnsdvcbhpjd47npqvzvdbdhywzfkms-texlive-combined-full-2025.20250703-texmfdist/tex/generic/pgf/basiclayer/pgfcorepathconstruct.code.tex
File: pgfcorepathconstruct.code.tex 2023-01-15 v3.1.10 (3.1.10)
\pgf@path@lastx=\dimen265
\pgf@path@lasty=\dimen266
) (/nix/store/j9qnsdvcbhpjd47npqvzvdbdhywzfkms-texlive-combined-full-2025.20250703-texmfdist/tex/generic/pgf/basiclayer/pgfcorepathusage.code.tex
File: pgfcorepathusage.code.tex 2023-01-15 v3.1.10 (3.1.10)
\pgf@shorten@end@additional=\dimen267
\pgf@shorten@start@additional=\dimen268
) (/nix/store/j9qnsdvcbhpjd47npqvzvdbdhywzfkms-texlive-combined-full-2025.20250703-texmfdist/tex/generic/pgf/basiclayer/pgfcorescopes.code.tex
File: pgfcorescopes.code.tex 2023-01-15 v3.1.10 (3.1.10)
\pgfpic=\box113
\pgf@hbox=\box114
\pgf@layerbox@main=\box115
\pgf@picture@serial@count=\count325
) (/nix/store/j9qnsdvcbhpjd47npqvzvdbdhywzfkms-texlive-combined-full-2025.20250703-texmfdist/tex/generic/pgf/basiclayer/pgfcoregraphicstate.code.tex
File: pgfcoregraphicstate.code.tex 2023-01-15 v3.1.10 (3.1.10)
\pgflinewidth=\dimen269
) (/nix/store/j9qnsdvcbhpjd47npqvzvdbdhywzfkms-texlive-combined-full-2025.20250703-texmfdist/tex/generic/pgf/basiclayer/pgfcoretransformations.code.tex
File: pgfcoretransformations.code.tex 2023-01-15 v3.1.10 (3.1.10)
\pgf@pt@x=\dimen270
\pgf@pt@y=\dimen271
\pgf@pt@temp=\dimen272
) (/nix/store/j9qnsdvcbhpjd47npqvzvdbdhywzfkms-texlive-combined-full-2025.20250703-texmfdist/tex/generic/pgf/basiclayer/pgfcorequick.code.tex
File: pgfcorequick.code.tex 2023-01-15 v3.1.10 (3.1.10)
) (/nix/store/j9qnsdvcbhpjd47npqvzvdbdhywzfkms-texlive-combined-full-2025.20250703-texmfdist/tex/generic/pgf/basiclayer/pgfcoreobjects.code.tex
File: pgfcoreobjects.code.tex 2023-01-15 v3.1.10 (3.1.10)
) (/nix/store/j9qnsdvcbhpjd47npqvzvdbdhywzfkms-texlive-combined-full-2025.20250703-texmfdist/tex/generic/pgf/basiclayer/pgfcorepathprocessing.code.tex
File: pgfcorepathprocessing.code.tex 2023-01-15 v3.1.10 (3.1.10)
) (/nix/store/j9qnsdvcbhpjd47npqvzvdbdhywzfkms-texlive-combined-full-2025.20250703-texmfdist/tex/generic/pgf/basiclayer/pgfcorearrows.code.tex
File: pgfcorearrows.code.tex 2023-01-15 v3.1.10 (3.1.10)
\pgfarrowsep=\dimen273
) (/nix/store/j9qnsdvcbhpjd47npqvzvdbdhywzfkms-texlive-combined-full-2025.20250703-texmfdist/tex/generic/pgf/basiclayer/pgfcoreshade.code.tex
File: pgfcoreshade.code.tex 2023-01-15 v3.1.10 (3.1.10)
\pgf@max=\dimen274
\pgf@sys@shading@range@num=\count326
\pgf@shadingcount=\count327
) (/nix/store/j9qnsdvcbhpjd47npqvzvdbdhywzfkms-texlive-combined-full-2025.20250703-texmfdist/tex/generic/pgf/basiclayer/pgfcoreimage.code.tex
File: pgfcoreimage.code.tex 2023-01-15 v3.1.10 (3.1.10)
) (/nix/store/j9qnsdvcbhpjd47npqvzvdbdhywzfkms-texlive-combined-full-2025.20250703-texmfdist/tex/generic/pgf/basiclayer/pgfcoreexternal.code.tex
File: pgfcoreexternal.code.tex 2023-01-15 v3.1.10 (3.1.10)
\pgfexternal@startupbox=\box116
) (/nix/store/j9qnsdvcbhpjd47npqvzvdbdhywzfkms-texlive-combined-full-2025.20250703-texmfdist/tex/generic/pgf/basiclayer/pgfcorelayers.code.tex
File: pgfcorelayers.code.tex 2023-01-15 v3.1.10 (3.1.10)
) (/nix/store/j9qnsdvcbhpjd47npqvzvdbdhywzfkms-texlive-combined-full-2025.20250703-texmfdist/tex/generic/pgf/basiclayer/pgfcoretransparency.code.tex
File: pgfcoretransparency.code.tex 2023-01-15 v3.1.10 (3.1.10)
) (/nix/store/j9qnsdvcbhpjd47npqvzvdbdhywzfkms-texlive-combined-full-2025.20250703-texmfdist/tex/generic/pgf/basiclayer/pgfcorepatterns.code.tex
File: pgfcorepatterns.code.tex 2023-01-15 v3.1.10 (3.1.10)
) (/nix/store/j9qnsdvcbhpjd47npqvzvdbdhywzfkms-texlive-combined-full-2025.20250703-texmfdist/tex/generic/pgf/basiclayer/pgfcorerdf.code.tex
File: pgfcorerdf.code.tex 2023-01-15 v3.1.10 (3.1.10)
))) (/nix/store/j9qnsdvcbhpjd47npqvzvdbdhywzfkms-texlive-combined-full-2025.20250703-texmfdist/tex/generic/pgf/modules/pgfmoduleshapes.code.tex
File: pgfmoduleshapes.code.tex 2023-01-15 v3.1.10 (3.1.10)
\pgfnodeparttextbox=\box117
) (/nix/store/j9qnsdvcbhpjd47npqvzvdbdhywzfkms-texlive-combined-full-2025.20250703-texmfdist/tex/generic/pgf/modules/pgfmoduleplot.code.tex
File: pgfmoduleplot.code.tex 2023-01-15 v3.1.10 (3.1.10)
) (/nix/store/j9qnsdvcbhpjd47npqvzvdbdhywzfkms-texlive-combined-full-2025.20250703-texmfdist/tex/latex/pgf/compatibility/pgfcomp-version-0-65.sty
Package: pgfcomp-version-0-65 2023-01-15 v3.1.10 (3.1.10)
\pgf@nodesepstart=\dimen275
\pgf@nodesepend=\dimen276
) (/nix/store/j9qnsdvcbhpjd47npqvzvdbdhywzfkms-texlive-combined-full-2025.20250703-texmfdist/tex/latex/pgf/compatibility/pgfcomp-version-1-18.sty
Package: pgfcomp-version-1-18 2023-01-15 v3.1.10 (3.1.10)
)) (/nix/store/j9qnsdvcbhpjd47npqvzvdbdhywzfkms-texlive-combined-full-2025.20250703-texmfdist/tex/latex/pgf/utilities/pgffor.sty (/nix/store/j9qnsdvcbhpjd47npqvzvdbdhywzfkms-texlive-combined-full-2025.20250703-texmfdist/tex/latex/pgf/utilities/pgfkeys.sty (/nix/store/j9qnsdvcbhpjd47npqvzvdbdhywzfkms-texlive-combined-full-2025.20250703-texmfdist/tex/generic/pgf/utilities/pgfkeys.code.tex))
(/nix/store/j9qnsdvcbhpjd47npqvzvdbdhywzfkms-texlive-combined-full-2025.20250703-texmfdist/tex/latex/pgf/math/pgfmath.sty (/nix/store/j9qnsdvcbhpjd47npqvzvdbdhywzfkms-texlive-combined-full-2025.20250703-texmfdist/tex/generic/pgf/math/pgfmath.code.tex)) (/nix/store/j9qnsdvcbhpjd47npqvzvdbdhywzfkms-texlive-combined-full-2025.20250703-texmfdist/tex/generic/pgf/utilities/pgffor.code.tex
Package: pgffor 2023-01-15 v3.1.10 (3.1.10)
\pgffor@iter=\dimen277
\pgffor@skip=\dimen278
\pgffor@stack=\toks32
\pgffor@toks=\toks33
)) (/nix/store/j9qnsdvcbhpjd47npqvzvdbdhywzfkms-texlive-combined-full-2025.20250703-texmfdist/tex/generic/pgf/frontendlayer/tikz/tikz.code.tex
Package: tikz 2023-01-15 v3.1.10 (3.1.10)
 (/nix/store/j9qnsdvcbhpjd47npqvzvdbdhywzfkms-texlive-combined-full-2025.20250703-texmfdist/tex/generic/pgf/libraries/pgflibraryplothandlers.code.tex
File: pgflibraryplothandlers.code.tex 2023-01-15 v3.1.10 (3.1.10)
\pgf@plot@mark@count=\count328
\pgfplotmarksize=\dimen279
)
\tikz@lastx=\dimen280
\tikz@lasty=\dimen281
\tikz@lastxsaved=\dimen282
\tikz@lastysaved=\dimen283
\tikz@lastmovetox=\dimen284
\tikz@lastmovetoy=\dimen285
\tikzleveldistance=\dimen286
\tikzsiblingdistance=\dimen287
\tikz@figbox=\box118
\tikz@figbox@bg=\box119
\tikz@tempbox=\box120
\tikz@tempbox@bg=\box121
\tikztreelevel=\count329
\tikznumberofchildren=\count330
\tikznumberofcurrentchild=\count331
\tikz@fig@count=\count332
 (/nix/store/j9qnsdvcbhpjd47npqvzvdbdhywzfkms-texlive-combined-full-2025.20250703-texmfdist/tex/generic/pgf/modules/pgfmodulematrix.code.tex
File: pgfmodulematrix.code.tex 2023-01-15 v3.1.10 (3.1.10)
\pgfmatrixcurrentrow=\count333
\pgfmatrixcurrentcolumn=\count334
\pgf@matrix@numberofcolumns=\count335
)
\tikz@expandcount=\count336
 (/nix/store/j9qnsdvcbhpjd47npqvzvdbdhywzfkms-texlive-combined-full-2025.20250703-texmfdist/tex/generic/pgf/frontendlayer/tikz/libraries/tikzlibrarytopaths.code.tex
File: tikzlibrarytopaths.code.tex 2023-01-15 v3.1.10 (3.1.10)
))) (/nix/store/j9qnsdvcbhpjd47npqvzvdbdhywzfkms-texlive-combined-full-2025.20250703-texmfdist/tex/generic/tikz-cd/tikzlibrarycd.code.tex (/nix/store/j9qnsdvcbhpjd47npqvzvdbdhywzfkms-texlive-combined-full-2025.20250703-texmfdist/tex/generic/pgf/frontendlayer/tikz/libraries/tikzlibrarymatrix.code.tex
File: tikzlibrarymatrix.code.tex 2023-01-15 v3.1.10 (3.1.10)
) (/nix/store/j9qnsdvcbhpjd47npqvzvdbdhywzfkms-texlive-combined-full-2025.20250703-texmfdist/tex/generic/pgf/frontendlayer/tikz/libraries/tikzlibraryquotes.code.tex
File: tikzlibraryquotes.code.tex 2023-01-15 v3.1.10 (3.1.10)
) (/nix/store/j9qnsdvcbhpjd47npqvzvdbdhywzfkms-texlive-combined-full-2025.20250703-texmfdist/tex/generic/pgf/libraries/pgflibraryarrows.meta.code.tex
File: pgflibraryarrows.meta.code.tex 2023-01-15 v3.1.10 (3.1.10)
\pgfarrowinset=\dimen288
\pgfarrowlength=\dimen289
\pgfarrowwidth=\dimen290
\pgfarrowlinewidth=\dimen291
))) (/nix/store/j9qnsdvcbhpjd47npqvzvdbdhywzfkms-texlive-combined-full-2025.20250703-texmfdist/tex/latex/amsfonts/amssymb.sty
Package: amssymb 2013/01/14 v3.01 AMS font symbols
 (/nix/store/j9qnsdvcbhpjd47npqvzvdbdhywzfkms-texlive-combined-full-2025.20250703-texmfdist/tex/latex/amsfonts/amsfonts.sty
Package: amsfonts 2013/01/14 v3.01 Basic AMSFonts support
\@emptytoks=\toks34
\symAMSa=\mathgroup4
\symAMSb=\mathgroup5
LaTeX Font Info:    Redeclaring math symbol \hbar on input line 98.
LaTeX Font Info:    Overwriting math alphabet `\mathfrak' in version `bold'
(Font)                  U/euf/m/n --> U/euf/b/n on input line 106.
)) (/nix/store/j9qnsdvcbhpjd47npqvzvdbdhywzfkms-texlive-combined-full-2025.20250703-texmfdist/tex/latex/amsmath/amsmath.sty
Package: amsmath 2025/06/16 v2.17y AMS math features
\@mathmargin=\skip55

For additional information on amsmath, use the `?' option.
(/nix/store/j9qnsdvcbhpjd47npqvzvdbdhywzfkms-texlive-combined-full-2025.20250703-texmfdist/tex/latex/amsmath/amstext.sty
Package: amstext 2024/11/17 v2.01 AMS text
 (/nix/store/j9qnsdvcbhpjd47npqvzvdbdhywzfkms-texlive-combined-full-2025.20250703-texmfdist/tex/latex/amsmath/amsgen.sty
File: amsgen.sty 1999/11/30 v2.0 generic functions
\@emptytoks=\toks35
\ex@=\dimen292
)) (/nix/store/j9qnsdvcbhpjd47npqvzvdbdhywzfkms-texlive-combined-full-2025.20250703-texmfdist/tex/latex/amsmath/amsbsy.sty
Package: amsbsy 1999/11/29 v1.2d Bold Symbols
\pmbraise@=\dimen293
) (/nix/store/j9qnsdvcbhpjd47npqvzvdbdhywzfkms-texlive-combined-full-2025.20250703-texmfdist/tex/latex/amsmath/amsopn.sty
Package: amsopn 2022/04/08 v2.04 operator names
)
\inf@bad=\count337
LaTeX Info: Redefining \frac on input line 235.
\uproot@=\count338
\leftroot@=\count339
LaTeX Info: Redefining \overline on input line 398.
LaTeX Info: Redefining \colon on input line 409.
\classnum@=\count340
\DOTSCASE@=\count341
LaTeX Info: Redefining \ldots on input line 495.
LaTeX Info: Redefining \dots on input line 498.
LaTeX Info: Redefining \cdots on input line 619.
\Mathstrutbox@=\box122
\strutbox@=\box123
LaTeX Info: Redefining \big on input line 721.
LaTeX Info: Redefining \Big on input line 722.
LaTeX Info: Redefining \bigg on input line 723.
LaTeX Info: Redefining \Bigg on input line 724.
\big@size=\dimen294
LaTeX Font Info:    Redeclaring font encoding OML on input line 742.
LaTeX Font Info:    Redeclaring font encoding OMS on input line 743.


Package amsmath Warning: Unable to redefine math accent \vec.

\macc@depth=\count342
LaTeX Info: Redefining \bmod on input line 904.
LaTeX Info: Redefining \pmod on input line 909.
LaTeX Info: Redefining \smash on input line 939.
LaTeX Info: Redefining \relbar on input line 969.
LaTeX Info: Redefining \Relbar on input line 970.
\c@MaxMatrixCols=\count343
\dotsspace@=\muskip17
\c@parentequation=\count344
\dspbrk@lvl=\count345
\tag@help=\toks36
\row@=\count346
\column@=\count347
\maxfields@=\count348
\andhelp@=\toks37
\eqnshift@=\dimen295
\alignsep@=\dimen296
\tagshift@=\dimen297
\tagwidth@=\dimen298
\totwidth@=\dimen299
\lineht@=\dimen300
\@envbody=\toks38
\multlinegap=\skip56
\multlinetaggap=\skip57
\mathdisplay@stack=\toks39
LaTeX Info: Redefining \[ on input line 2949.
LaTeX Info: Redefining \] on input line 2950.
) (/nix/store/j9qnsdvcbhpjd47npqvzvdbdhywzfkms-texlive-combined-full-2025.20250703-texmfdist/tex/latex/cmll/cmll.sty
Package: cmll 2010/04/20 Linear Logic symbols for Computer Modern
 (/nix/store/j9qnsdvcbhpjd47npqvzvdbdhywzfkms-texlive-combined-full-2025.20250703-texmfdist/tex/latex/base/ifthen.sty
Package: ifthen 2024/03/16 v1.1e Standard LaTeX ifthen package (DPC)
)
\symllsymbols=\mathgroup6
LaTeX Font Info:    Overwriting symbol font `llsymbols' in version `bold'
(Font)                  U/cmllr/m/n --> U/cmllr/bx/n on input line 49.
) (/nix/store/j9qnsdvcbhpjd47npqvzvdbdhywzfkms-texlive-combined-full-2025.20250703-texmfdist/tex/latex/amscls/amsthm.sty
Package: amsthm 2020/05/29 v2.20.6
\thm@style=\toks40
\thm@bodyfont=\toks41
\thm@headfont=\toks42
\thm@notefont=\toks43
\thm@headpunct=\toks44
\thm@preskip=\skip58
\thm@postskip=\skip59
\thm@headsep=\skip60
\dth@everypar=\toks45
LaTeX Info: Redefining \qed on input line 273.
) (/nix/store/j9qnsdvcbhpjd47npqvzvdbdhywzfkms-texlive-combined-full-2025.20250703-texmfdist/tex/latex/lm/lmodern.sty
Package: lmodern 2015/05/01 v1.6.1 Latin Modern Fonts
LaTeX Font Info:    Overwriting symbol font `operators' in version `normal'
(Font)                  OT1/cmr/m/n --> OT1/lmr/m/n on input line 22.
LaTeX Font Info:    Overwriting symbol font `letters' in version `normal'
(Font)                  OML/cmm/m/it --> OML/lmm/m/it on input line 23.
LaTeX Font Info:    Overwriting symbol font `symbols' in version `normal'
(Font)                  OMS/cmsy/m/n --> OMS/lmsy/m/n on input line 24.
LaTeX Font Info:    Overwriting symbol font `largesymbols' in version `normal'
(Font)                  OMX/cmex/m/n --> OMX/lmex/m/n on input line 25.
LaTeX Font Info:    Overwriting symbol font `operators' in version `bold'
(Font)                  OT1/cmr/bx/n --> OT1/lmr/bx/n on input line 26.
LaTeX Font Info:    Overwriting symbol font `letters' in version `bold'
(Font)                  OML/cmm/b/it --> OML/lmm/b/it on input line 27.
LaTeX Font Info:    Overwriting symbol font `symbols' in version `bold'
(Font)                  OMS/cmsy/b/n --> OMS/lmsy/b/n on input line 28.
LaTeX Font Info:    Overwriting symbol font `largesymbols' in version `bold'
(Font)                  OMX/cmex/m/n --> OMX/lmex/m/n on input line 29.
LaTeX Font Info:    Overwriting math alphabet `\mathbf' in version `normal'
(Font)                  OT1/cmr/bx/n --> OT1/lmr/bx/n on input line 31.
LaTeX Font Info:    Overwriting math alphabet `\mathsf' in version `normal'
(Font)                  OT1/cmss/m/n --> OT1/lmss/m/n on input line 32.
LaTeX Font Info:    Overwriting math alphabet `\mathit' in version `normal'
(Font)                  OT1/cmr/m/it --> OT1/lmr/m/it on input line 33.
LaTeX Font Info:    Overwriting math alphabet `\mathtt' in version `normal'
(Font)                  OT1/cmtt/m/n --> OT1/lmtt/m/n on input line 34.
LaTeX Font Info:    Overwriting math alphabet `\mathbf' in version `bold'
(Font)                  OT1/cmr/bx/n --> OT1/lmr/bx/n on input line 35.
LaTeX Font Info:    Overwriting math alphabet `\mathsf' in version `bold'
(Font)                  OT1/cmss/bx/n --> OT1/lmss/bx/n on input line 36.
LaTeX Font Info:    Overwriting math alphabet `\mathit' in version `bold'
(Font)                  OT1/cmr/bx/it --> OT1/lmr/bx/it on input line 37.
LaTeX Font Info:    Overwriting math alphabet `\mathtt' in version `bold'
(Font)                  OT1/cmtt/m/n --> OT1/lmtt/m/n on input line 38.
) (/nix/store/j9qnsdvcbhpjd47npqvzvdbdhywzfkms-texlive-combined-full-2025.20250703-texmfdist/tex/latex/adjustbox/adjustbox.sty
Package: adjustbox 2025/02/26 v1.3c Adjusting TeX boxes (trim, clip, ...)
 (/nix/store/j9qnsdvcbhpjd47npqvzvdbdhywzfkms-texlive-combined-full-2025.20250703-texmfdist/tex/latex/xkeyval/xkeyval.sty
Package: xkeyval 2022/06/16 v2.9 package option processing (HA)
 (/nix/store/j9qnsdvcbhpjd47npqvzvdbdhywzfkms-texlive-combined-full-2025.20250703-texmfdist/tex/generic/xkeyval/xkeyval.tex (/nix/store/j9qnsdvcbhpjd47npqvzvdbdhywzfkms-texlive-combined-full-2025.20250703-texmfdist/tex/generic/xkeyval/xkvutils.tex
\XKV@toks=\toks46
\XKV@tempa@toks=\toks47
)
\XKV@depth=\count349
File: xkeyval.tex 2014/12/03 v2.7a key=value parser (HA)
)) (/nix/store/j9qnsdvcbhpjd47npqvzvdbdhywzfkms-texlive-combined-full-2025.20250703-texmfdist/tex/latex/adjustbox/adjcalc.sty
Package: adjcalc 2012/05/16 v1.1 Provides advanced setlength with multiple back-ends (calc, etex, pgfmath)
) (/nix/store/j9qnsdvcbhpjd47npqvzvdbdhywzfkms-texlive-combined-full-2025.20250703-texmfdist/tex/latex/adjustbox/trimclip.sty
Package: trimclip 2025/02/21 v1.2a Trim and clip general TeX material
 (/nix/store/j9qnsdvcbhpjd47npqvzvdbdhywzfkms-texlive-combined-full-2025.20250703-texmfdist/tex/latex/collectbox/collectbox.sty
Package: collectbox 2022/10/17 v0.4c Collect macro arguments as boxes
\collectedbox=\box124
)
\tc@llx=\dimen301
\tc@lly=\dimen302
\tc@urx=\dimen303
\tc@ury=\dimen304
Package trimclip Info: Using driver 'tc-luatex.def'.
 (/nix/store/j9qnsdvcbhpjd47npqvzvdbdhywzfkms-texlive-combined-full-2025.20250703-texmfdist/tex/latex/adjustbox/tc-luatex.def
File: tc-luatex.def 2025/02/26 v1.1 Clipping driver for luatex
 (/nix/store/j9qnsdvcbhpjd47npqvzvdbdhywzfkms-texlive-combined-full-2025.20250703-texmfdist/tex/latex/adjustbox/tc-pdftex.def
File: tc-pdftex.def 2025/02/26 v2.3 Clipping driver for pdftex
)))
\adjbox@Width=\dimen305
\adjbox@Height=\dimen306
\adjbox@Depth=\dimen307
\adjbox@Totalheight=\dimen308
\adjbox@pwidth=\dimen309
\adjbox@pheight=\dimen310
\adjbox@pdepth=\dimen311
\adjbox@ptotalheight=\dimen312
 (/nix/store/j9qnsdvcbhpjd47npqvzvdbdhywzfkms-texlive-combined-full-2025.20250703-texmfdist/tex/latex/ifoddpage/ifoddpage.sty
Package: ifoddpage 2022/10/18 v1.2 Conditionals for odd/even page detection
\c@checkoddpage=\count350
) (/nix/store/j9qnsdvcbhpjd47npqvzvdbdhywzfkms-texlive-combined-full-2025.20250703-texmfdist/tex/latex/varwidth/varwidth.sty
Package: varwidth 2009/03/30 ver 0.92;  Variable-width minipages
\@vwid@box=\box125
\sift@deathcycles=\count351
\@vwid@loff=\dimen313
\@vwid@roff=\dimen314
)
==> First Aid for varwidth.sty applied!
) (/nix/store/j9qnsdvcbhpjd47npqvzvdbdhywzfkms-texlive-combined-full-2025.20250703-texmfdist/tex/latex/hyperref/hyperref.sty
Package: hyperref 2025-06-21 v7.01n Hypertext links for LaTeX
 (/nix/store/j9qnsdvcbhpjd47npqvzvdbdhywzfkms-texlive-combined-full-2025.20250703-texmfdist/tex/generic/iftex/iftex.sty
Package: iftex 2024/12/12 v1.0g TeX engine tests
) (/nix/store/j9qnsdvcbhpjd47npqvzvdbdhywzfkms-texlive-combined-full-2025.20250703-texmfdist/tex/latex/kvsetkeys/kvsetkeys.sty
Package: kvsetkeys 2022-10-05 v1.19 Key value parser (HO)
) (/nix/store/j9qnsdvcbhpjd47npqvzvdbdhywzfkms-texlive-combined-full-2025.20250703-texmfdist/tex/generic/kvdefinekeys/kvdefinekeys.sty
Package: kvdefinekeys 2019-12-19 v1.6 Define keys (HO)
) (/nix/store/j9qnsdvcbhpjd47npqvzvdbdhywzfkms-texlive-combined-full-2025.20250703-texmfdist/tex/generic/pdfescape/pdfescape.sty
Package: pdfescape 2019/12/09 v1.15 Implements pdfTeX's escape features (HO)
 (/nix/store/j9qnsdvcbhpjd47npqvzvdbdhywzfkms-texlive-combined-full-2025.20250703-texmfdist/tex/generic/ltxcmds/ltxcmds.sty
Package: ltxcmds 2023-12-04 v1.26 LaTeX kernel commands for general use (HO)
) (/nix/store/j9qnsdvcbhpjd47npqvzvdbdhywzfkms-texlive-combined-full-2025.20250703-texmfdist/tex/generic/pdftexcmds/pdftexcmds.sty
Package: pdftexcmds 2020-06-27 v0.33 Utility functions of pdfTeX for LuaTeX (HO)
 (/nix/store/j9qnsdvcbhpjd47npqvzvdbdhywzfkms-texlive-combined-full-2025.20250703-texmfdist/tex/generic/infwarerr/infwarerr.sty
Package: infwarerr 2019/12/03 v1.5 Providing info/warning/error messages (HO)
)
Package pdftexcmds Info: \pdf@primitive is available.
Package pdftexcmds Info: \pdf@ifprimitive is available.
Package pdftexcmds Info: \pdfdraftmode found.
\pdftexcmds@toks=\toks48
)) (/nix/store/j9qnsdvcbhpjd47npqvzvdbdhywzfkms-texlive-combined-full-2025.20250703-texmfdist/tex/latex/hycolor/hycolor.sty
Package: hycolor 2020-01-27 v1.10 Color options for hyperref/bookmark (HO)
) (/nix/store/j9qnsdvcbhpjd47npqvzvdbdhywzfkms-texlive-combined-full-2025.20250703-texmfdist/tex/latex/hyperref/nameref.sty
Package: nameref 2025-06-21 v2.57 Cross-referencing by name of section
 (/nix/store/j9qnsdvcbhpjd47npqvzvdbdhywzfkms-texlive-combined-full-2025.20250703-texmfdist/tex/latex/refcount/refcount.sty
Package: refcount 2019/12/15 v3.6 Data extraction from label references (HO)
) (/nix/store/j9qnsdvcbhpjd47npqvzvdbdhywzfkms-texlive-combined-full-2025.20250703-texmfdist/tex/generic/gettitlestring/gettitlestring.sty
Package: gettitlestring 2019/12/15 v1.6 Cleanup title references (HO)
 (/nix/store/j9qnsdvcbhpjd47npqvzvdbdhywzfkms-texlive-combined-full-2025.20250703-texmfdist/tex/latex/kvoptions/kvoptions.sty
Package: kvoptions 2022-06-15 v3.15 Key value format for package options (HO)
))
\c@section@level=\count352
) (/nix/store/j9qnsdvcbhpjd47npqvzvdbdhywzfkms-texlive-combined-full-2025.20250703-texmfdist/tex/latex/etoolbox/etoolbox.sty
Package: etoolbox 2025/02/11 v2.5l e-TeX tools for LaTeX (JAW)
\etb@tempcnta=\count353
) (/nix/store/j9qnsdvcbhpjd47npqvzvdbdhywzfkms-texlive-combined-full-2025.20250703-texmfdist/tex/generic/stringenc/stringenc.sty
Package: stringenc 2019/11/29 v1.12 Convert strings between diff. encodings (HO)
)
\@linkdim=\dimen315
\Hy@linkcounter=\count354
\Hy@pagecounter=\count355
 (/nix/store/j9qnsdvcbhpjd47npqvzvdbdhywzfkms-texlive-combined-full-2025.20250703-texmfdist/tex/latex/hyperref/pd1enc.def
File: pd1enc.def 2025-06-21 v7.01n Hyperref: PDFDocEncoding definition (HO)
) (/nix/store/j9qnsdvcbhpjd47npqvzvdbdhywzfkms-texlive-combined-full-2025.20250703-texmfdist/tex/generic/intcalc/intcalc.sty
Package: intcalc 2019/12/15 v1.3 Expandable calculations with integers (HO)
)
\Hy@SavedSpaceFactor=\count356
 (/nix/store/j9qnsdvcbhpjd47npqvzvdbdhywzfkms-texlive-combined-full-2025.20250703-texmfdist/tex/latex/hyperref/puenc.def
File: puenc.def 2025-06-21 v7.01n Hyperref: PDF Unicode definition (HO)
)
Package hyperref Info: Option `colorlinks' set `true' on input line 4052.
Package hyperref Info: Hyper figures OFF on input line 4181.
Package hyperref Info: Link nesting OFF on input line 4186.
Package hyperref Info: Hyper index ON on input line 4189.
Package hyperref Info: Plain pages OFF on input line 4196.
Package hyperref Info: Backreferencing OFF on input line 4201.
Package hyperref Info: Implicit mode ON; LaTeX internals redefined.
Package hyperref Info: Bookmarks ON on input line 4448.
\c@Hy@tempcnt=\count357
 (/nix/store/j9qnsdvcbhpjd47npqvzvdbdhywzfkms-texlive-combined-full-2025.20250703-texmfdist/tex/latex/url/url.sty
\Urlmuskip=\muskip18
Package: url 2013/09/16  ver 3.4  Verb mode for urls, etc.
)
LaTeX Info: Redefining \url on input line 4787.
\XeTeXLinkMargin=\dimen316
 (/nix/store/j9qnsdvcbhpjd47npqvzvdbdhywzfkms-texlive-combined-full-2025.20250703-texmfdist/tex/generic/bitset/bitset.sty
Package: bitset 2019/12/09 v1.3 Handle bit-vector datatype (HO)
 (/nix/store/j9qnsdvcbhpjd47npqvzvdbdhywzfkms-texlive-combined-full-2025.20250703-texmfdist/tex/generic/bigintcalc/bigintcalc.sty
Package: bigintcalc 2019/12/15 v1.5 Expandable calculations on big integers (HO)
))
\Fld@menulength=\count358
\Field@Width=\dimen317
\Fld@charsize=\dimen318
Package hyperref Info: Hyper figures OFF on input line 6066.
Package hyperref Info: Link nesting OFF on input line 6071.
Package hyperref Info: Hyper index ON on input line 6074.
Package hyperref Info: backreferencing OFF on input line 6081.
Package hyperref Info: Link coloring ON on input line 6084.
Package hyperref Info: Link coloring with OCG OFF on input line 6091.
Package hyperref Info: PDF/A mode OFF on input line 6096.
\Hy@abspage=\count359
\c@Item=\count360
\c@Hfootnote=\count361
)
Package hyperref Info: Driver (autodetected): hluatex.
 (/nix/store/j9qnsdvcbhpjd47npqvzvdbdhywzfkms-texlive-combined-full-2025.20250703-texmfdist/tex/latex/hyperref/hluatex.def
File: hluatex.def 2025-06-21 v7.01n Hyperref driver for luaTeX
\Fld@listcount=\count362
\c@bookmark@seq@number=\count363
 (/nix/store/j9qnsdvcbhpjd47npqvzvdbdhywzfkms-texlive-combined-full-2025.20250703-texmfdist/tex/latex/rerunfilecheck/rerunfilecheck.sty
Package: rerunfilecheck 2025-06-21 v1.11 Rerun checks for auxiliary files (HO)
 (/nix/store/j9qnsdvcbhpjd47npqvzvdbdhywzfkms-texlive-combined-full-2025.20250703-texmfdist/tex/generic/uniquecounter/uniquecounter.sty
Package: uniquecounter 2019/12/15 v1.4 Provide unlimited unique counter (HO)
)
Package uniquecounter Info: New unique counter `rerunfilecheck' on input line 284.
)
\Hy@SectionHShift=\skip61
) (/nix/store/j9qnsdvcbhpjd47npqvzvdbdhywzfkms-texlive-combined-full-2025.20250703-texmfdist/tex/latex/l3backend/l3backend-luatex.def
File: l3backend-luatex.def 2025-06-09 L3 backend support: PDF output (LuaTeX)
\l__color_backend_stack_int=\count364
Inserting `l3color' in `luaotfload.parse_color'.) (./MAIN.aux)
\openout1 = MAIN.aux

LaTeX Font Info:    Checking defaults for OML/cmm/m/it on input line 51.
LaTeX Font Info:    ... okay on input line 51.
LaTeX Font Info:    Checking defaults for OMS/cmsy/m/n on input line 51.
LaTeX Font Info:    ... okay on input line 51.
LaTeX Font Info:    Checking defaults for OT1/cmr/m/n on input line 51.
LaTeX Font Info:    ... okay on input line 51.
LaTeX Font Info:    Checking defaults for T1/cmr/m/n on input line 51.
LaTeX Font Info:    ... okay on input line 51.
LaTeX Font Info:    Checking defaults for TS1/cmr/m/n on input line 51.
LaTeX Font Info:    ... okay on input line 51.
LaTeX Font Info:    Checking defaults for TU/lmr/m/n on input line 51.
LaTeX Font Info:    ... okay on input line 51.
LaTeX Font Info:    Checking defaults for OMX/cmex/m/n on input line 51.
LaTeX Font Info:    ... okay on input line 51.
LaTeX Font Info:    Checking defaults for U/cmr/m/n on input line 51.
LaTeX Font Info:    ... okay on input line 51.
LaTeX Font Info:    Checking defaults for PD1/pdf/m/n on input line 51.
LaTeX Font Info:    ... okay on input line 51.
LaTeX Font Info:    Checking defaults for PU/pdf/m/n on input line 51.
LaTeX Font Info:    ... okay on input line 51.
 (/nix/store/j9qnsdvcbhpjd47npqvzvdbdhywzfkms-texlive-combined-full-2025.20250703-texmfdist/tex/context/base/mkii/supp-pdf.mkii
[Loading MPS to PDF converter (version 2006.09.02).]
\scratchcounter=\count365
\scratchdimen=\dimen319
\scratchbox=\box126
\nofMPsegments=\count366
\nofMParguments=\count367
\everyMPshowfont=\toks49
\MPscratchCnt=\count368
\MPscratchDim=\dimen320
\MPnumerator=\count369
\makeMPintoPDFobject=\count370
\everyMPtoPDFconversion=\toks50
) (/nix/store/j9qnsdvcbhpjd47npqvzvdbdhywzfkms-texlive-combined-full-2025.20250703-texmfdist/tex/latex/epstopdf-pkg/epstopdf-base.sty
Package: epstopdf-base 2020-01-24 v2.11 Base part for package epstopdf
Package epstopdf-base Info: Redefining graphics rule for `.eps' on input line 485.
 (/nix/store/j9qnsdvcbhpjd47npqvzvdbdhywzfkms-texlive-combined-full-2025.20250703-texmfdist/tex/latex/latexconfig/epstopdf-sys.cfg
File: epstopdf-sys.cfg 2010/07/13 v1.3 Configuration of (r)epstopdf for TeX Live
))
Package hyperref Info: Link coloring ON on input line 51.
 (./MAIN.out) (./MAIN.out)
\@outlinefile=\write4

\openout4 = MAIN.out
LaTeX Font Info:    Trying to load font information for OT1+lmr on input line 78.
 (/nix/store/j9qnsdvcbhpjd47npqvzvdbdhywzfkms-texlive-combined-full-2025.20250703-texmfdist/tex/latex/lm/ot1lmr.fd
File: ot1lmr.fd 2015/05/01 v1.6.1 Font defs for Latin Modern
)
LaTeX Font Info:    Trying to load font information for OML+lmm on input line 78.
 (/nix/store/j9qnsdvcbhpjd47npqvzvdbdhywzfkms-texlive-combined-full-2025.20250703-texmfdist/tex/latex/lm/omllmm.fd
File: omllmm.fd 2015/05/01 v1.6.1 Font defs for Latin Modern
)
LaTeX Font Info:    Trying to load font information for OMS+lmsy on input line 78.
 (/nix/store/j9qnsdvcbhpjd47npqvzvdbdhywzfkms-texlive-combined-full-2025.20250703-texmfdist/tex/latex/lm/omslmsy.fd
File: omslmsy.fd 2015/05/01 v1.6.1 Font defs for Latin Modern
)
LaTeX Font Info:    Trying to load font information for OMX+lmex on input line 78.
 (/nix/store/j9qnsdvcbhpjd47npqvzvdbdhywzfkms-texlive-combined-full-2025.20250703-texmfdist/tex/latex/lm/omxlmex.fd
File: omxlmex.fd 2015/05/01 v1.6.1 Font defs for Latin Modern
)
LaTeX Font Info:    External font `lmex10' loaded for size
(Font)              <10> on input line 78.
LaTeX Font Info:    External font `lmex10' loaded for size
(Font)              <7> on input line 78.
LaTeX Font Info:    External font `lmex10' loaded for size
(Font)              <5> on input line 78.
LaTeX Font Info:    Trying to load font information for U+msa on input line 78.
 (/nix/store/j9qnsdvcbhpjd47npqvzvdbdhywzfkms-texlive-combined-full-2025.20250703-texmfdist/tex/latex/amsfonts/umsa.fd
File: umsa.fd 2013/01/14 v3.01 AMS symbols A
)
LaTeX Font Info:    Trying to load font information for U+msb on input line 78.
 (/nix/store/j9qnsdvcbhpjd47npqvzvdbdhywzfkms-texlive-combined-full-2025.20250703-texmfdist/tex/latex/amsfonts/umsb.fd
File: umsb.fd 2013/01/14 v3.01 AMS symbols B
)
LaTeX Font Info:    Trying to load font information for U+cmllr on input line 78.
 (/nix/store/j9qnsdvcbhpjd47npqvzvdbdhywzfkms-texlive-combined-full-2025.20250703-texmfdist/tex/latex/cmll/ucmllr.fd)
LaTeX Font Info:    Trying to load font information for T1+lmtt on input line 78.
 (/nix/store/j9qnsdvcbhpjd47npqvzvdbdhywzfkms-texlive-combined-full-2025.20250703-texmfdist/tex/latex/lm/t1lmtt.fd
File: t1lmtt.fd 2015/05/01 v1.6.1 Font defs for Latin Modern
)
LaTeX Font Info:    External font `lmex10' loaded for size
(Font)              <9> on input line 78.
LaTeX Font Info:    External font `lmex10' loaded for size
(Font)              <6> on input line 78.


[1

{/nix/store/bv83h3kxrxadiar0zymkvw3grj2k6wyr-texlive-combined-full-2025.20250703/share/texmf-var/fonts/map/pdftex/updmap/pdftex.map}]

[2]
<agda-bird.png, id=146, 237.88875pt x 200.75pt>
File: agda-bird.png Graphic file (type png)
<use agda-bird.png>
Package luatex.def Info: agda-bird.png  used on input line 132.
(luatex.def)             Requested size: 10.6646pt x 8.99994pt.


[3<./agda-bird.png>]
File: agda-bird.png Graphic file (type png)
<use agda-bird.png>
Package luatex.def Info: agda-bird.png  used on input line 180.
(luatex.def)             Requested size: 12.26175pt x 10.34991pt.
File: agda-bird.png Graphic file (type png)
<use agda-bird.png>
Package luatex.def Info: agda-bird.png  used on input line 196.
(luatex.def)             Requested size: 12.26175pt x 10.34991pt.
File: agda-bird.png Graphic file (type png)
<use agda-bird.png>
Package luatex.def Info: agda-bird.png  used on input line 196.
(luatex.def)             Requested size: 12.26175pt x 10.34991pt.
File: agda-bird.png Graphic file (type png)
<use agda-bird.png>
Package luatex.def Info: agda-bird.png  used on input line 213.
(luatex.def)             Requested size: 10.90054pt x 9.19983pt.
File: agda-bird.png Graphic file (type png)
<use agda-bird.png>
Package luatex.def Info: agda-bird.png  used on input line 226.
(luatex.def)             Requested size: 12.26175pt x 10.34991pt.


[4]
File: agda-bird.png Graphic file (type png)
<use agda-bird.png>
Package luatex.def Info: agda-bird.png  used on input line 245.
(luatex.def)             Requested size: 12.26175pt x 10.34991pt.


[5]
File: agda-bird.png Graphic file (type png)
<use agda-bird.png>
Package luatex.def Info: agda-bird.png  used on input line 296.
(luatex.def)             Requested size: 12.26175pt x 10.34991pt.


[6]
File: agda-bird.png Graphic file (type png)
<use agda-bird.png>
Package luatex.def Info: agda-bird.png  used on input line 383.
(luatex.def)             Requested size: 12.26175pt x 10.34991pt.
File: agda-bird.png Graphic file (type png)
<use agda-bird.png>
Package luatex.def Info: agda-bird.png  used on input line 405.
(luatex.def)             Requested size: 10.90054pt x 9.19983pt.


[7]
File: agda-bird.png Graphic file (type png)
<use agda-bird.png>
Package luatex.def Info: agda-bird.png  used on input line 465.
(luatex.def)             Requested size: 10.90054pt x 9.19983pt.


[8]
File: agda-bird.png Graphic file (type png)
<use agda-bird.png>
Package luatex.def Info: agda-bird.png  used on input line 537.
(luatex.def)             Requested size: 12.26175pt x 10.34991pt.
File: agda-bird.png Graphic file (type png)
<use agda-bird.png>
Package luatex.def Info: agda-bird.png  used on input line 553.
(luatex.def)             Requested size: 12.26175pt x 10.34991pt.
File: agda-bird.png Graphic file (type png)
<use agda-bird.png>
Package luatex.def Info: agda-bird.png  used on input line 571.
(luatex.def)             Requested size: 12.26175pt x 10.34991pt.


[9]
File: agda-bird.png Graphic file (type png)
<use agda-bird.png>
Package luatex.def Info: agda-bird.png  used on input line 621.
(luatex.def)             Requested size: 12.26175pt x 10.34991pt.


[10]
File: agda-bird.png Graphic file (type png)
<use agda-bird.png>
Package luatex.def Info: agda-bird.png  used on input line 654.
(luatex.def)             Requested size: 10.90054pt x 9.19983pt.
File: agda-bird.png Graphic file (type png)
<use agda-bird.png>
Package luatex.def Info: agda-bird.png  used on input line 662.
(luatex.def)             Requested size: 12.26175pt x 10.34991pt.
File: agda-bird.png Graphic file (type png)
<use agda-bird.png>
Package luatex.def Info: agda-bird.png  used on input line 701.
(luatex.def)             Requested size: 12.26175pt x 10.34991pt.


[11]
File: agda-bird.png Graphic file (type png)
<use agda-bird.png>
Package luatex.def Info: agda-bird.png  used on input line 734.
(luatex.def)             Requested size: 10.90054pt x 9.19983pt.
File: agda-bird.png Graphic file (type png)
<use agda-bird.png>
Package luatex.def Info: agda-bird.png  used on input line 742.
(luatex.def)             Requested size: 12.26175pt x 10.34991pt.


[12] (./MAIN.bbl
Missing character: There is no – (U+2013) in font ec-lmr9!
Missing character: There is no – (U+2013) in font ec-lmr9!
Missing character: There is no – (U+2013) in font ec-lmr9!
Missing character: There is no – (U+2013) in font ec-lmr9!


[13]
Underfull \hbox (badness 1033) in paragraph at lines 61--62
[]\T1/lmr/m/n/9 Lam-bek, J.: The math-e-mat-ics of sen-tence struc-ture. Amer-i-can Math-e-mat-i-
 []



[14
Missing character: There is no – (U+2013) in font ec-lmr9!
Missing character: There is no – (U+2013) in font ec-lmr9!
])

[15]
warning  (pdf backend): ignoring duplicate destination with the name 'section.1'
File: agda-bird.png Graphic file (type png)
<use agda-bird.png>
Package luatex.def Info: agda-bird.png  used on input line 833.
(luatex.def)             Requested size: 10.90054pt x 9.19983pt.


[16]

[17]
warning  (pdf backend): ignoring duplicate destination with the name 'section.2'


[18]

[19]

[20]

[21] (./MAIN.aux)
 ***********
LaTeX2e <2025-06-01> patch level 1
L3 programming layer <2025-06-09>
 ***********
Package rerunfilecheck Info: File `MAIN.out' has not changed.
(rerunfilecheck)             Checksum: B40C24D27FC8F8B903029E28C322C63E;247.
)

Here is how much of LuaTeX's memory you used:
 25811 strings out of 470205
 156413,953878 words of node,token memory allocated
 1295 words of node memory still in use:
   9 hlist, 2 vlist, 2 rule, 5 disc, 11 glue, 6 kern, 57 glyph, 45 attribute, 61 glue_spec, 45 attribute_list, 2 write, 10 pdf_action nodes
   avail lists: 1:1,2:11818,3:5034,4:496,5:536,6:75,7:9243,8:68,9:2378,10:12,11:739
 53245 multiletter control sequences out of 65536+600000
 67 fonts using 4379951 bytes
 98i,37n,100p,1077b,1242s stack positions out of 10000i,1000n,20000p,200000b,200000s
{/nix/store/j9qnsdvcbhpjd47npqvzvdbdhywzfkms-texlive-combined-full-2025.20250703-texmfdist/fonts/enc/dvips/lm/lm-mathit.enc}{/nix/store/j9qnsdvcbhpjd47npqvzvdbdhywzfkms-texlive-combined-full-2025.20250703-texmfdist/fonts/enc/dvips/lm/lm-mathsy.enc}{/nix/store/j9qnsdvcbhpjd47npqvzvdbdhywzfkms-texlive-combined-full-2025.20250703-texmfdist/fonts/enc/dvips/lm/lm-rm.enc}{/nix/store/j9qnsdvcbhpjd47npqvzvdbdhywzfkms-texlive-combined-full-2025.20250703-texmfdist/fonts/enc/dvips/lm/lm-ec.enc}{/nix/store/j9qnsdvcbhpjd47npqvzvdbdhywzfkms-texlive-combined-full-2025.20250703-texmfdist/fonts/enc/dvips/lm/lm-ts1.enc}</nix/store/j9qnsdvcbhpjd47npqvzvdbdhywzfkms-texlive-combined-full-2025.20250703-texmfdist/fonts/type1/public/cmll/cmllr10.pfb></nix/store/j9qnsdvcbhpjd47npqvzvdbdhywzfkms-texlive-combined-full-2025.20250703-texmfdist/fonts/type1/public/cmll/cmllr9.pfb></nix/store/j9qnsdvcbhpjd47npqvzvdbdhywzfkms-texlive-combined-full-2025.20250703-texmfdist/fonts/type1/public/lm/lmbx10.pfb></nix/store/j9qnsdvcbhpjd47npqvzvdbdhywzfkms-texlive-combined-full-2025.20250703-texmfdist/fonts/type1/public/lm/lmbx12.pfb></nix/store/j9qnsdvcbhpjd47npqvzvdbdhywzfkms-texlive-combined-full-2025.20250703-texmfdist/fonts/type1/public/lm/lmbx7.pfb></nix/store/j9qnsdvcbhpjd47npqvzvdbdhywzfkms-texlive-combined-full-2025.20250703-texmfdist/fonts/type1/public/lm/lmbx9.pfb></nix/store/j9qnsdvcbhpjd47npqvzvdbdhywzfkms-texlive-combined-full-2025.20250703-texmfdist/fonts/type1/public/lm/lmmi10.pfb></nix/store/j9qnsdvcbhpjd47npqvzvdbdhywzfkms-texlive-combined-full-2025.20250703-texmfdist/fonts/type1/public/lm/lmmi5.pfb></nix/store/j9qnsdvcbhpjd47npqvzvdbdhywzfkms-texlive-combined-full-2025.20250703-texmfdist/fonts/type1/public/lm/lmmi6.pfb></nix/store/j9qnsdvcbhpjd47npqvzvdbdhywzfkms-texlive-combined-full-2025.20250703-texmfdist/fonts/type1/public/lm/lmmi7.pfb></nix/store/j9qnsdvcbhpjd47npqvzvdbdhywzfkms-texlive-combined-full-2025.20250703-texmfdist/fonts/type1/public/lm/lmmi9.pfb></nix/store/j9qnsdvcbhpjd47npqvzvdbdhywzfkms-texlive-combined-full-2025.20250703-texmfdist/fonts/type1/public/lm/lmr10.pfb></nix/store/j9qnsdvcbhpjd47npqvzvdbdhywzfkms-texlive-combined-full-2025.20250703-texmfdist/fonts/type1/public/lm/lmr6.pfb></nix/store/j9qnsdvcbhpjd47npqvzvdbdhywzfkms-texlive-combined-full-2025.20250703-texmfdist/fonts/type1/public/lm/lmr7.pfb></nix/store/j9qnsdvcbhpjd47npqvzvdbdhywzfkms-texlive-combined-full-2025.20250703-texmfdist/fonts/type1/public/lm/lmr9.pfb></nix/store/j9qnsdvcbhpjd47npqvzvdbdhywzfkms-texlive-combined-full-2025.20250703-texmfdist/fonts/type1/public/lm/lmri10.pfb></nix/store/j9qnsdvcbhpjd47npqvzvdbdhywzfkms-texlive-combined-full-2025.20250703-texmfdist/fonts/type1/public/lm/lmsy10.pfb></nix/store/j9qnsdvcbhpjd47npqvzvdbdhywzfkms-texlive-combined-full-2025.20250703-texmfdist/fonts/type1/public/lm/lmsy6.pfb></nix/store/j9qnsdvcbhpjd47npqvzvdbdhywzfkms-texlive-combined-full-2025.20250703-texmfdist/fonts/type1/public/lm/lmsy7.pfb></nix/store/j9qnsdvcbhpjd47npqvzvdbdhywzfkms-texlive-combined-full-2025.20250703-texmfdist/fonts/type1/public/lm/lmsy9.pfb></nix/store/j9qnsdvcbhpjd47npqvzvdbdhywzfkms-texlive-combined-full-2025.20250703-texmfdist/fonts/type1/public/lm/lmtt9.pfb></nix/store/j9qnsdvcbhpjd47npqvzvdbdhywzfkms-texlive-combined-full-2025.20250703-texmfdist/fonts/type1/public/amsfonts/symbols/msam10.pfb></nix/store/j9qnsdvcbhpjd47npqvzvdbdhywzfkms-texlive-combined-full-2025.20250703-texmfdist/fonts/type1/public/amsfonts/symbols/msbm10.pfb>
Output written on MAIN.pdf (21 pages, 444302 bytes).

PDF statistics: 640 PDF objects out of 1000 (max. 8388607)
 522 compressed objects within 6 object streams
 173 named destinations out of 1000 (max. 131072)
 24 words of extra memory for PDF output out of 10000 (max. 100000000)

